<?xml version="1.0" encoding="UTF-8"?>
<!-- Generated by org.testng.reporters.JUnitReportReporter -->
<testsuite skipped="0" hostname="ariatech8-PC" name="primus.login" tests="1" failures="0" timestamp="08 May 2018 10:00:28 GMT" time="23.714" errors="0">
  <testcase name="primusbank" time="23.714" classname="primus.login"/>
</testsuite> <!-- primus.login -->
