<?xml version="1.0" encoding="UTF-8"?>
<!-- Generated by org.testng.reporters.JUnitReportReporter -->
<testsuite skipped="0" hostname="ariatech8-PC" name="primus.login" tests="1" failures="0" timestamp="09 May 2018 09:56:29 GMT" time="19.361" errors="0">
  <testcase name="primusbank" time="19.361" classname="primus.login"/>
</testsuite> <!-- primus.login -->
